<?xml version="1.0" encoding="UTF-8"?>
<testsuite xmlns:xsi="http://www.w3.org/2001/XMLSchema-instance" xsi:noNamespaceSchemaLocation="https://maven.apache.org/surefire/maven-surefire-plugin/xsd/surefire-test-report-3.0.xsd" version="3.0" name="org.example.ExpendedorSimpleTest" time="0.052" tests="4" errors="0" skipped="0" failures="0">
  <properties>
[...]
</properties>
  <testcase name="testComprarCuatroBebida" classname="org.example.ExpendedorSimpleTest" time="0.026"/>
  <testcase name="testComprarBebidaSinSuficienteMoneda" classname="org.example.ExpendedorSimpleTest" time="0.001"/>
  <testcase name="testComprarTresBebida" classname="org.example.ExpendedorSimpleTest" time="0.002"/>
  <testcase name="testComprarUnaBebida" classname="org.example.ExpendedorSimpleTest" time="0.003">
    <system-out><![CDATA[comprarUnaBebida
]]></system-out>
  </testcase>
</testsuite>