<?xml version="1.0" encoding="UTF-8"?>
<testsuite xmlns:xsi="http://www.w3.org/2001/XMLSchema-instance" xsi:noNamespaceSchemaLocation="https://maven.apache.org/surefire/maven-surefire-plugin/xsd/surefire-test-report-3.0.xsd" version="3.0" name="Parte2Test" time="0.062" tests="7" errors="0" skipped="0" failures="0">
  <properties>
[...]
</properties>
  <testcase name="testFondo" classname="Parte2Test" time="0.029"/>
  <testcase name="testCalidadComun" classname="Parte2Test" time="0.001"/>
  <testcase name="testCalidad" classname="Parte2Test" time="0.001"/>
  <testcase name="testValorACero" classname="Parte2Test" time="0.001"/>
  <testcase name="testDobleCalidadComun" classname="Parte2Test" time="0.002"/>
  <testcase name="testFondoException" classname="Parte2Test" time="0.002"/>
  <testcase name="testDobleCalidad" classname="Parte2Test" time="0.001"/>
</testsuite>